
     .'(   )\.---.     /(,-.          )\.-.     /'-.     /'-.        .'(   .')       )\.---.     /'-.  
 ,') \  ) (   ,-._(  ,' _   )       ,' ,-,_)  ,' _  \  ,' _  \   ,') \  ) ( /       (   ,-._(  ,' _  \ 
(  /(/ /   \  '-,   (  '-' (       (  .   _  (  '-' ( (  '-' (  (  /(/ /   ))        \  '-,   (  '-' ( 
 )    (     ) ,-'    )  _   )       ) '..' )  ) ,_ .'  )   _  )  )    (    )'._.-.    ) ,-'    ) ,_ .' 
(  .'\ \   (  ''-.  (  '-' /       (  ,   (  (  ' ) \ (  ,' ) \ (  .'\ \  (       )  (  ''-.  (  ' ) \ 
 )/   )/    )..-.(   )/._.'         )/'._.'   )/   )/  )/    )/  )/   )/   )/,__.'    )..-.(   )/   )/ 
                                                                                                      


[0] https://demo.cyotek.com/                                    [1] https://demo.cyotek.com/                                    
                                                                [1] https://demo.cyotek.com/statuscodes/index.php               [2] https://demo.cyotek.com/                                    
                                                                                                                                [2] https://demo.cyotek.com/statuscodes/index.php               
                                                                                                                                [2] https://demo.cyotek.com/features/index.php                  
                                                                                                                                [2] https://demo.cyotek.com/css/index.php                       
                                                                                                                                [2] https://demo.cyotek.com/html/index.php                      
                                                                                                                                [2] https://demo.cyotek.com/statuscodes/3xx/300.php             
                                                                                                                                [2] https://demo.cyotek.com/statuscodes/3xx/301.php             
                                                                                                                                [2] https://demo.cyotek.com/statuscodes/3xx/302.php             
                                                                                                                                [2] https://demo.cyotek.com/statuscodes/3xx/303.php             
                                                                                                                                [2] https://demo.cyotek.com/statuscodes/3xx/304.php             
                                                                                                                                [2] https://demo.cyotek.com/statuscodes/3xx/307.php             
                                                                                                                                [2] https://demo.cyotek.com/statuscodes/3xx/308.php             
                                                                                                                                [2] https://demo.cyotek.com/#                                   
                                                                                                                                [2] https://demo.cyotek.com/about.php                           
                                                                                                                                [2] https://demo.cyotek.com/changelog.php                       
                                                                [1] https://demo.cyotek.com/features/index.php                  [2] https://demo.cyotek.com/                                    
                                                                                                                                [2] https://demo.cyotek.com/statuscodes/index.php               
                                                                                                                                [2] https://demo.cyotek.com/features/index.php                  
                                                                                                                                [2] https://demo.cyotek.com/css/index.php                       
                                                                                                                                [2] https://demo.cyotek.com/html/index.php                      
                                                                                                                                [2] https://demo.cyotek.com/features/authentication.php         
                                                                                                                                [2] https://demo.cyotek.com/features/certificates.php           
                                                                                                                                [2] https://demo.cyotek.com/features/cookies.php                
                                                                                                                                [2] https://demo.cyotek.com/features/defaultdocuments.php       
                                                                                                                                [2] https://demo.cyotek.com/features/downloads.php              
                                                                                                                                [2] https://demo.cyotek.com/features/httpcompression.php        
                                                                                                                                [2] https://demo.cyotek.com/features/imageformats.php           
                                                                                                                                [2] https://demo.cyotek.com/features/metarefresh.php            
                                                                                                                                [2] https://demo.cyotek.com/features/mimetypes.php              
                                                                                                                                [2] https://demo.cyotek.com/features/paths.php                  
                                                                                                                                [2] https://demo.cyotek.com/features/querystrings.php           
                                                                                                                                [2] https://demo.cyotek.com/#                                   
                                                                                                                                [2] https://demo.cyotek.com/features/redirectloop.php           
                                                                                                                                [2] https://demo.cyotek.com/features/referrer.php               
                                                                                                                                [2] https://demo.cyotek.com/features/requestheaders.php         
                                                                                                                                [2] https://demo.cyotek.com/features/spaces.php                 
                                                                                                                                [2] https://demo.cyotek.com/features/specialcharacters.php      
                                                                                                                                [2] https://demo.cyotek.com/features/subdomains.php             
                                                                                                                                [2] https://demo.cyotek.com/features/normalize.php              
                                                                                                                                [2] https://demo.cyotek.com/features/useragent.php              
                                                                                                                                [2] https://demo.cyotek.com/about.php                           
                                                                                                                                [2] https://demo.cyotek.com/changelog.php                       
                                                                [1] https://demo.cyotek.com/css/index.php                       [2] https://demo.cyotek.com/                                    
                                                                                                                                [2] https://demo.cyotek.com/statuscodes/index.php               
                                                                                                                                [2] https://demo.cyotek.com/features/index.php                  
                                                                                                                                [2] https://demo.cyotek.com/css/index.php                       
                                                                                                                                [2] https://demo.cyotek.com/html/index.php                      
                                                                                                                                [2] https://demo.cyotek.com/css/import.php                      
                                                                                                                                [2] https://demo.cyotek.com/css/datauri.php                     
                                                                                                                                [2] https://demo.cyotek.com/css/url.php                         
                                                                                                                                [2] https://demo.cyotek.com/about.php                           
                                                                                                                                [2] https://demo.cyotek.com/changelog.php                       
                                                                [1] https://demo.cyotek.com/html/index.php                      [2] https://demo.cyotek.com/                                    
                                                                                                                                [2] https://demo.cyotek.com/statuscodes/index.php               
                                                                                                                                [2] https://demo.cyotek.com/features/index.php                  
                                                                                                                                [2] https://demo.cyotek.com/css/index.php                       
                                                                                                                                [2] https://demo.cyotek.com/html/index.php                      
                                                                                                                                [2] https://demo.cyotek.com/html/elements/a.php                 
                                                                                                                                [2] https://demo.cyotek.com/html/elements/base.php              
                                                                                                                                [2] https://demo.cyotek.com/html/elements/form.php              
                                                                                                                                [2] https://demo.cyotek.com/html/elements/frameset.php          
                                                                                                                                [2] https://demo.cyotek.com/html/elements/img.php               
                                                                                                                                [2] https://demo.cyotek.com/html/elements/iframe.php            
                                                                                                                                [2] https://demo.cyotek.com/html/elements/link.php              
                                                                                                                                [2] https://demo.cyotek.com/html/elements/meta.php              
                                                                                                                                [2] https://demo.cyotek.com/html/elements/object.php            
                                                                                                                                [2] https://demo.cyotek.com/html/elements/picture.php           
                                                                                                                                [2] https://demo.cyotek.com/html/elements/style.php             
                                                                                                                                [2] https://demo.cyotek.com/html/attributes/custom.php          
                                                                                                                                [2] https://demo.cyotek.com/html/attributes/srcset.php          
                                                                                                                                [2] https://demo.cyotek.com/html/attributes/style.php           
                                                                                                                                [2] https://demo.cyotek.com/about.php                           
                                                                                                                                [2] https://demo.cyotek.com/changelog.php                       
                                                                [1] https://www.cyotek.com                                      [2] https://www.cyotek.com/                                     
                                                                                                                                [2] https://www.cyotek.com/products                             
                                                                                                                                [2] https://www.cyotek.com/cyotek-palette-editor                
                                                                                                                                [2] https://www.cyotek.com/cyotek-copytools                     
                                                                                                                                [2] https://www.cyotek.com/cyotek-gif-animator                  
                                                                                                                                [2] https://www.cyotek.com/jewel-rush                           
                                                                                                                                [2] https://www.cyotek.com/cyotek-nbt-editor                    
                                                                                                                                [2] https://www.cyotek.com/cyotek-sitemap-creator               
                                                                                                                                [2] https://www.cyotek.com/cyotek-slicr                         
                                                                                                                                [2] https://www.cyotek.com/cyotek-spriter                       
                                                                                                                                [2] https://www.cyotek.com/cyotek-webcopy                       
                                                                                                                                [2] https://www.cyotek.com/downloads                            
                                                                                                                                [2] https://www.cyotek.com/source-code                          
                                                                                                                                [2] https://www.cyotek.com/open-source                          
                                                                                                                                [2] https://www.cyotek.com/blog                                 
                                                                                                                                [2] https://www.cyotek.com/blog/products                        
                                                                                                                                [2] https://forums.cyotek.com                                   
                                                                                                                                [2] https://support.cyotek.com                                  
                                                                                                                                [2] https://www.cyotek.com/blog/tools-we-use-2023-edition       
                                                                                                                                [2] https://www.cyotek.com/blog/resolving-svn-error-could-not-open-the-requested-svn-filesystem
                                                                                                                                [2] https://www.cyotek.com/blog/tools-we-use-2022-edition       
                                                                                                                                [2] https://www.cyotek.com/blog/products/introducing-webview2-support-part-1
                                                                                                                                [2] https://www.cyotek.com/blog/products/crowdstrike-falcon-false-positives
                                                                                                                                [2] https://www.cyotek.com/blog/products/introducing-64bit-builds
                                                                                                                                [2] https://www.cyotek.com/privacy-policy                       
                                                                                                                                [2] https://www.cyotek.com/terms-of-use                         
                                                                                                                                [2] https://www.cyotek.com/copyright-and-trademarks             
                                                                                                                                [2] https://www.cyotek.com/about                                
                                                                                                                                [2] https://www.cyotek.com/contact                              
                                                                                                                                [2] https://www.cyotek.com/sitemap                              
                                                                                                                                [2] https://www.cyotek.com/search                               
                                                                                                                                [2] https://docs.cyotek.com/                                    
                                                                                                                                [2] https://www.cyotek.com/donate                               
                                                                                                                                [2] https://www.cyotek.com/rss                                  
                                                                                                                                [2] https://www.cyotek.com/blog/rss                             
                                                                [1] https://demo.cyotek.com/about.php                           [2] https://demo.cyotek.com/                                    
                                                                                                                                [2] https://demo.cyotek.com/statuscodes/index.php               
                                                                                                                                [2] https://demo.cyotek.com/features/index.php                  
                                                                                                                                [2] https://demo.cyotek.com/css/index.php                       
                                                                                                                                [2] https://demo.cyotek.com/html/index.php                      
                                                                                                                                [2] https://www.cyotek.com/cyotek-webcopy                       
                                                                                                                                [2] https://www.cyotek.com/                                     
                                                                                                                                [2] https://demo.cyotek.com                                     
                                                                                                                                [2] http://primercss.io/                                        
                                                                                                                                [2] https://github.com/                                         
                                                                                                                                [2] http://php.net/manual/en/index.php                          
                                                                                                                                [2] https://michelf.ca/projects/php-markdown/                   
                                                                                                                                [2] http://en.wikipedia.org/                                    
                                                                                                                                [2] https://developer.mozilla.org/                              
                                                                                                                                [2] http://www.webkit.org/demos/srcset/                         
                                                                                                                                [2] https://github.com/cyotek/SkylineGenerator                  
                                                                                                                                [2] https://unsplash.com/photos/xS_RzdD5CFE                     
                                                                                                                                [2] https://www.trinityhouse.co.uk/lighthouse-visitor-centres/flamborough-lighthouse-visitor-centre
                                                                                                                                [2] https://pixabay.com/en/avatar-icon-placeholder-1577909/     
                                                                                                                                [2] https://github.com/HookyQR/VSCodeBeautify                   
                                                                                                                                [2] https://github.com/cyotek/HttpCrawlerTestSite               
                                                                                                                                [2] https://demo.cyotek.com/license.php                         
                                                                                                                                [2] https://demo.cyotek.com/about.php                           
                                                                                                                                [2] https://demo.cyotek.com/changelog.php                       
                                                                [1] https://demo.cyotek.com/changelog.php                       [2] https://demo.cyotek.com/                                    
                                                                                                                                [2] https://demo.cyotek.com/statuscodes/index.php               
                                                                                                                                [2] https://demo.cyotek.com/features/index.php                  
                                                                                                                                [2] https://demo.cyotek.com/css/index.php                       
                                                                                                                                [2] https://demo.cyotek.com/html/index.php                      
                                                                                                                                [2] https://demo.cyotek.com/about.php                           
                                                                                                                                [2] https://demo.cyotek.com/changelog.php                       